[0.007s] Invoking command in '/home/luke/Projects/capstone/search-support-robots/ros-packages/build/robot_sim_bringup': CMAKE_PREFIX_PATH=/home/luke/Projects/capstone/search-support-robots/ros-packages/install/robot_sim_description:/home/luke/Projects/capstone/search-support-robots/ros-packages/install/robot_sim_bringup:/opt/ros/jazzy/opt/gz_sim_vendor:/opt/ros/jazzy/opt/gz_sensors_vendor:/opt/ros/jazzy/opt/gz_physics_vendor:/opt/ros/jazzy/opt/sdformat_vendor:/opt/ros/jazzy/opt/gz_gui_vendor:/opt/ros/jazzy/opt/gz_transport_vendor:/opt/ros/jazzy/opt/gz_rendering_vendor:/opt/ros/jazzy/opt/gz_plugin_vendor:/opt/ros/jazzy/opt/gz_fuel_tools_vendor:/opt/ros/jazzy/opt/gz_msgs_vendor:/opt/ros/jazzy/opt/gz_common_vendor:/opt/ros/jazzy/opt/gz_math_vendor:/opt/ros/jazzy/opt/gz_utils_vendor:/opt/ros/jazzy/opt/gz_tools_vendor:/opt/ros/jazzy/opt/gz_ogre_next_vendor:/opt/ros/jazzy/opt/gz_dartsim_vendor:/opt/ros/jazzy/opt/gz_cmake_vendor:/opt/ros/jazzy DEBUGINFOD_URLS=https://debuginfod.ubuntu.com /usr/bin/cmake /home/luke/Projects/capstone/search-support-robots/ros-packages/robot_sim_bringup -DCMAKE_INSTALL_PREFIX=/home/luke/Projects/capstone/search-support-robots/ros-packages/install/robot_sim_bringup
[0.053s] -- The C compiler identification is GNU 13.3.0
[0.097s] -- The CXX compiler identification is GNU 13.3.0
[0.114s] -- Detecting C compiler ABI info
[0.196s] -- Detecting C compiler ABI info - done
[0.201s] -- Check for working C compiler: /usr/bin/cc - skipped
[0.202s] -- Detecting C compile features
[0.202s] -- Detecting C compile features - done
[0.212s] -- Detecting CXX compiler ABI info
[0.302s] -- Detecting CXX compiler ABI info - done
[0.308s] -- Check for working CXX compiler: /usr/bin/c++ - skipped
[0.308s] -- Detecting CXX compile features
[0.309s] -- Detecting CXX compile features - done
[0.312s] -- Found ament_cmake: 2.5.4 (/opt/ros/jazzy/share/ament_cmake/cmake)
[0.443s] -- Found Python3: /usr/bin/python3 (found version "3.12.3") found components: Interpreter 
[0.632s] -- Configuring done (0.6s)
[0.634s] -- Generating done (0.0s)
[0.636s] -- Build files have been written to: /home/luke/Projects/capstone/search-support-robots/ros-packages/build/robot_sim_bringup
[0.644s] Invoked command in '/home/luke/Projects/capstone/search-support-robots/ros-packages/build/robot_sim_bringup' returned '0': CMAKE_PREFIX_PATH=/home/luke/Projects/capstone/search-support-robots/ros-packages/install/robot_sim_description:/home/luke/Projects/capstone/search-support-robots/ros-packages/install/robot_sim_bringup:/opt/ros/jazzy/opt/gz_sim_vendor:/opt/ros/jazzy/opt/gz_sensors_vendor:/opt/ros/jazzy/opt/gz_physics_vendor:/opt/ros/jazzy/opt/sdformat_vendor:/opt/ros/jazzy/opt/gz_gui_vendor:/opt/ros/jazzy/opt/gz_transport_vendor:/opt/ros/jazzy/opt/gz_rendering_vendor:/opt/ros/jazzy/opt/gz_plugin_vendor:/opt/ros/jazzy/opt/gz_fuel_tools_vendor:/opt/ros/jazzy/opt/gz_msgs_vendor:/opt/ros/jazzy/opt/gz_common_vendor:/opt/ros/jazzy/opt/gz_math_vendor:/opt/ros/jazzy/opt/gz_utils_vendor:/opt/ros/jazzy/opt/gz_tools_vendor:/opt/ros/jazzy/opt/gz_ogre_next_vendor:/opt/ros/jazzy/opt/gz_dartsim_vendor:/opt/ros/jazzy/opt/gz_cmake_vendor:/opt/ros/jazzy DEBUGINFOD_URLS=https://debuginfod.ubuntu.com /usr/bin/cmake /home/luke/Projects/capstone/search-support-robots/ros-packages/robot_sim_bringup -DCMAKE_INSTALL_PREFIX=/home/luke/Projects/capstone/search-support-robots/ros-packages/install/robot_sim_bringup
[0.644s] Invoking command in '/home/luke/Projects/capstone/search-support-robots/ros-packages/build/robot_sim_bringup': CMAKE_PREFIX_PATH=/home/luke/Projects/capstone/search-support-robots/ros-packages/install/robot_sim_description:/home/luke/Projects/capstone/search-support-robots/ros-packages/install/robot_sim_bringup:/opt/ros/jazzy/opt/gz_sim_vendor:/opt/ros/jazzy/opt/gz_sensors_vendor:/opt/ros/jazzy/opt/gz_physics_vendor:/opt/ros/jazzy/opt/sdformat_vendor:/opt/ros/jazzy/opt/gz_gui_vendor:/opt/ros/jazzy/opt/gz_transport_vendor:/opt/ros/jazzy/opt/gz_rendering_vendor:/opt/ros/jazzy/opt/gz_plugin_vendor:/opt/ros/jazzy/opt/gz_fuel_tools_vendor:/opt/ros/jazzy/opt/gz_msgs_vendor:/opt/ros/jazzy/opt/gz_common_vendor:/opt/ros/jazzy/opt/gz_math_vendor:/opt/ros/jazzy/opt/gz_utils_vendor:/opt/ros/jazzy/opt/gz_tools_vendor:/opt/ros/jazzy/opt/gz_ogre_next_vendor:/opt/ros/jazzy/opt/gz_dartsim_vendor:/opt/ros/jazzy/opt/gz_cmake_vendor:/opt/ros/jazzy DEBUGINFOD_URLS=https://debuginfod.ubuntu.com /usr/bin/cmake --build /home/luke/Projects/capstone/search-support-robots/ros-packages/build/robot_sim_bringup -- -j16 -l16
[0.680s] Invoked command in '/home/luke/Projects/capstone/search-support-robots/ros-packages/build/robot_sim_bringup' returned '0': CMAKE_PREFIX_PATH=/home/luke/Projects/capstone/search-support-robots/ros-packages/install/robot_sim_description:/home/luke/Projects/capstone/search-support-robots/ros-packages/install/robot_sim_bringup:/opt/ros/jazzy/opt/gz_sim_vendor:/opt/ros/jazzy/opt/gz_sensors_vendor:/opt/ros/jazzy/opt/gz_physics_vendor:/opt/ros/jazzy/opt/sdformat_vendor:/opt/ros/jazzy/opt/gz_gui_vendor:/opt/ros/jazzy/opt/gz_transport_vendor:/opt/ros/jazzy/opt/gz_rendering_vendor:/opt/ros/jazzy/opt/gz_plugin_vendor:/opt/ros/jazzy/opt/gz_fuel_tools_vendor:/opt/ros/jazzy/opt/gz_msgs_vendor:/opt/ros/jazzy/opt/gz_common_vendor:/opt/ros/jazzy/opt/gz_math_vendor:/opt/ros/jazzy/opt/gz_utils_vendor:/opt/ros/jazzy/opt/gz_tools_vendor:/opt/ros/jazzy/opt/gz_ogre_next_vendor:/opt/ros/jazzy/opt/gz_dartsim_vendor:/opt/ros/jazzy/opt/gz_cmake_vendor:/opt/ros/jazzy DEBUGINFOD_URLS=https://debuginfod.ubuntu.com /usr/bin/cmake --build /home/luke/Projects/capstone/search-support-robots/ros-packages/build/robot_sim_bringup -- -j16 -l16
[0.681s] Invoking command in '/home/luke/Projects/capstone/search-support-robots/ros-packages/build/robot_sim_bringup': CMAKE_PREFIX_PATH=/home/luke/Projects/capstone/search-support-robots/ros-packages/install/robot_sim_description:/home/luke/Projects/capstone/search-support-robots/ros-packages/install/robot_sim_bringup:/opt/ros/jazzy/opt/gz_sim_vendor:/opt/ros/jazzy/opt/gz_sensors_vendor:/opt/ros/jazzy/opt/gz_physics_vendor:/opt/ros/jazzy/opt/sdformat_vendor:/opt/ros/jazzy/opt/gz_gui_vendor:/opt/ros/jazzy/opt/gz_transport_vendor:/opt/ros/jazzy/opt/gz_rendering_vendor:/opt/ros/jazzy/opt/gz_plugin_vendor:/opt/ros/jazzy/opt/gz_fuel_tools_vendor:/opt/ros/jazzy/opt/gz_msgs_vendor:/opt/ros/jazzy/opt/gz_common_vendor:/opt/ros/jazzy/opt/gz_math_vendor:/opt/ros/jazzy/opt/gz_utils_vendor:/opt/ros/jazzy/opt/gz_tools_vendor:/opt/ros/jazzy/opt/gz_ogre_next_vendor:/opt/ros/jazzy/opt/gz_dartsim_vendor:/opt/ros/jazzy/opt/gz_cmake_vendor:/opt/ros/jazzy DEBUGINFOD_URLS=https://debuginfod.ubuntu.com /usr/bin/cmake --install /home/luke/Projects/capstone/search-support-robots/ros-packages/build/robot_sim_bringup
[0.688s] -- Install configuration: ""
[0.688s] -- Installing: /home/luke/Projects/capstone/search-support-robots/ros-packages/install/robot_sim_bringup/share/robot_sim_bringup/config
[0.688s] -- Installing: /home/luke/Projects/capstone/search-support-robots/ros-packages/install/robot_sim_bringup/share/robot_sim_bringup/config/diff_drive_controller.yaml
[0.688s] -- Installing: /home/luke/Projects/capstone/search-support-robots/ros-packages/install/robot_sim_bringup/share/robot_sim_bringup/launch
[0.688s] -- Installing: /home/luke/Projects/capstone/search-support-robots/ros-packages/install/robot_sim_bringup/share/robot_sim_bringup/launch/ibex.launch.py
[0.689s] -- Installing: /home/luke/Projects/capstone/search-support-robots/ros-packages/install/robot_sim_bringup/share/ament_index/resource_index/package_run_dependencies/robot_sim_bringup
[0.689s] -- Installing: /home/luke/Projects/capstone/search-support-robots/ros-packages/install/robot_sim_bringup/share/ament_index/resource_index/parent_prefix_path/robot_sim_bringup
[0.689s] -- Installing: /home/luke/Projects/capstone/search-support-robots/ros-packages/install/robot_sim_bringup/share/robot_sim_bringup/environment/ament_prefix_path.sh
[0.689s] -- Installing: /home/luke/Projects/capstone/search-support-robots/ros-packages/install/robot_sim_bringup/share/robot_sim_bringup/environment/ament_prefix_path.dsv
[0.689s] -- Installing: /home/luke/Projects/capstone/search-support-robots/ros-packages/install/robot_sim_bringup/share/robot_sim_bringup/environment/path.sh
[0.689s] -- Installing: /home/luke/Projects/capstone/search-support-robots/ros-packages/install/robot_sim_bringup/share/robot_sim_bringup/environment/path.dsv
[0.689s] -- Installing: /home/luke/Projects/capstone/search-support-robots/ros-packages/install/robot_sim_bringup/share/robot_sim_bringup/local_setup.bash
[0.689s] -- Installing: /home/luke/Projects/capstone/search-support-robots/ros-packages/install/robot_sim_bringup/share/robot_sim_bringup/local_setup.sh
[0.689s] -- Installing: /home/luke/Projects/capstone/search-support-robots/ros-packages/install/robot_sim_bringup/share/robot_sim_bringup/local_setup.zsh
[0.689s] -- Installing: /home/luke/Projects/capstone/search-support-robots/ros-packages/install/robot_sim_bringup/share/robot_sim_bringup/local_setup.dsv
[0.690s] -- Installing: /home/luke/Projects/capstone/search-support-robots/ros-packages/install/robot_sim_bringup/share/robot_sim_bringup/package.dsv
[0.690s] -- Installing: /home/luke/Projects/capstone/search-support-robots/ros-packages/install/robot_sim_bringup/share/ament_index/resource_index/packages/robot_sim_bringup
[0.690s] -- Installing: /home/luke/Projects/capstone/search-support-robots/ros-packages/install/robot_sim_bringup/share/robot_sim_bringup/cmake/robot_sim_bringupConfig.cmake
[0.690s] -- Installing: /home/luke/Projects/capstone/search-support-robots/ros-packages/install/robot_sim_bringup/share/robot_sim_bringup/cmake/robot_sim_bringupConfig-version.cmake
[0.690s] -- Installing: /home/luke/Projects/capstone/search-support-robots/ros-packages/install/robot_sim_bringup/share/robot_sim_bringup/package.xml
[0.692s] Invoked command in '/home/luke/Projects/capstone/search-support-robots/ros-packages/build/robot_sim_bringup' returned '0': CMAKE_PREFIX_PATH=/home/luke/Projects/capstone/search-support-robots/ros-packages/install/robot_sim_description:/home/luke/Projects/capstone/search-support-robots/ros-packages/install/robot_sim_bringup:/opt/ros/jazzy/opt/gz_sim_vendor:/opt/ros/jazzy/opt/gz_sensors_vendor:/opt/ros/jazzy/opt/gz_physics_vendor:/opt/ros/jazzy/opt/sdformat_vendor:/opt/ros/jazzy/opt/gz_gui_vendor:/opt/ros/jazzy/opt/gz_transport_vendor:/opt/ros/jazzy/opt/gz_rendering_vendor:/opt/ros/jazzy/opt/gz_plugin_vendor:/opt/ros/jazzy/opt/gz_fuel_tools_vendor:/opt/ros/jazzy/opt/gz_msgs_vendor:/opt/ros/jazzy/opt/gz_common_vendor:/opt/ros/jazzy/opt/gz_math_vendor:/opt/ros/jazzy/opt/gz_utils_vendor:/opt/ros/jazzy/opt/gz_tools_vendor:/opt/ros/jazzy/opt/gz_ogre_next_vendor:/opt/ros/jazzy/opt/gz_dartsim_vendor:/opt/ros/jazzy/opt/gz_cmake_vendor:/opt/ros/jazzy DEBUGINFOD_URLS=https://debuginfod.ubuntu.com /usr/bin/cmake --install /home/luke/Projects/capstone/search-support-robots/ros-packages/build/robot_sim_bringup
