[0.066s] DEBUG:colcon:Command line arguments: ['/usr/bin/colcon', 'build', '--packages-select', 'robot_sim_description', 'robot_sim_bringup']
[0.066s] DEBUG:colcon:Parsed command line arguments: Namespace(log_base=None, log_level=None, verb_name='build', build_base='build', install_base='install', merge_install=False, symlink_install=False, test_result_base=None, continue_on_error=False, executor='parallel', parallel_workers=16, event_handlers=None, ignore_user_meta=False, metas=['./colcon.meta'], base_paths=['.'], packages_ignore=None, packages_ignore_regex=None, paths=None, packages_up_to=None, packages_up_to_regex=None, packages_above=None, packages_above_and_dependencies=None, packages_above_depth=None, packages_select_by_dep=None, packages_skip_by_dep=None, packages_skip_up_to=None, packages_select_build_failed=False, packages_skip_build_finished=False, packages_select_test_failures=False, packages_skip_test_passed=False, packages_select=['robot_sim_description', 'robot_sim_bringup'], packages_skip=None, packages_select_regex=None, packages_skip_regex=None, packages_start=None, packages_end=None, allow_overriding=[], cmake_args=None, cmake_target=None, cmake_target_skip_unavailable=False, cmake_clean_cache=False, cmake_clean_first=False, cmake_force_configure=False, ament_cmake_args=None, catkin_cmake_args=None, catkin_skip_building_tests=False, mixin_files=None, mixin=None, verb_parser=<colcon_mixin.mixin.mixin_argument.MixinArgumentDecorator object at 0x7e7b71ba5010>, verb_extension=<colcon_core.verb.build.BuildVerb object at 0x7e7b71cccc80>, main=<bound method BuildVerb.main of <colcon_core.verb.build.BuildVerb object at 0x7e7b71cccc80>>, mixin_verb=('build',))
[0.094s] Level 1:colcon.colcon_core.package_discovery:discover_packages(colcon_meta) check parameters
[0.094s] Level 1:colcon.colcon_core.package_discovery:discover_packages(recursive) check parameters
[0.094s] Level 1:colcon.colcon_core.package_discovery:discover_packages(ignore) check parameters
[0.094s] Level 1:colcon.colcon_core.package_discovery:discover_packages(path) check parameters
[0.094s] Level 1:colcon.colcon_core.package_discovery:discover_packages(colcon_meta) discover
[0.094s] Level 1:colcon.colcon_core.package_discovery:discover_packages(recursive) discover
[0.094s] INFO:colcon.colcon_core.package_discovery:Crawling recursively for packages in '/home/luke/Projects/capstone/search-support-robots/ros-packages'
[0.094s] Level 1:colcon.colcon_core.package_identification:_identify(.) by extensions ['ignore', 'ignore_ament_install']
[0.094s] Level 1:colcon.colcon_core.package_identification:_identify(.) by extension 'ignore'
[0.094s] Level 1:colcon.colcon_core.package_identification:_identify(.) by extension 'ignore_ament_install'
[0.094s] Level 1:colcon.colcon_core.package_identification:_identify(.) by extensions ['colcon_pkg']
[0.094s] Level 1:colcon.colcon_core.package_identification:_identify(.) by extension 'colcon_pkg'
[0.094s] Level 1:colcon.colcon_core.package_identification:_identify(.) by extensions ['colcon_meta']
[0.094s] Level 1:colcon.colcon_core.package_identification:_identify(.) by extension 'colcon_meta'
[0.094s] Level 1:colcon.colcon_core.package_identification:_identify(.) by extensions ['ros']
[0.094s] Level 1:colcon.colcon_core.package_identification:_identify(.) by extension 'ros'
[0.111s] Level 1:colcon.colcon_core.package_identification:_identify(.) by extensions ['cmake', 'python']
[0.111s] Level 1:colcon.colcon_core.package_identification:_identify(.) by extension 'cmake'
[0.111s] Level 1:colcon.colcon_core.package_identification:_identify(.) by extension 'python'
[0.111s] Level 1:colcon.colcon_core.package_identification:_identify(.) by extensions ['python_setup_py']
[0.111s] Level 1:colcon.colcon_core.package_identification:_identify(.) by extension 'python_setup_py'
[0.111s] Level 1:colcon.colcon_core.package_identification:_identify(build) by extensions ['ignore', 'ignore_ament_install']
[0.111s] Level 1:colcon.colcon_core.package_identification:_identify(build) by extension 'ignore'
[0.112s] Level 1:colcon.colcon_core.package_identification:_identify(build) ignored
[0.112s] Level 1:colcon.colcon_core.package_identification:_identify(diff_drive_example) by extensions ['ignore', 'ignore_ament_install']
[0.112s] Level 1:colcon.colcon_core.package_identification:_identify(diff_drive_example) by extension 'ignore'
[0.112s] Level 1:colcon.colcon_core.package_identification:_identify(diff_drive_example) by extension 'ignore_ament_install'
[0.112s] Level 1:colcon.colcon_core.package_identification:_identify(diff_drive_example) by extensions ['colcon_pkg']
[0.112s] Level 1:colcon.colcon_core.package_identification:_identify(diff_drive_example) by extension 'colcon_pkg'
[0.112s] Level 1:colcon.colcon_core.package_identification:_identify(diff_drive_example) by extensions ['colcon_meta']
[0.112s] Level 1:colcon.colcon_core.package_identification:_identify(diff_drive_example) by extension 'colcon_meta'
[0.112s] Level 1:colcon.colcon_core.package_identification:_identify(diff_drive_example) by extensions ['ros']
[0.112s] Level 1:colcon.colcon_core.package_identification:_identify(diff_drive_example) by extension 'ros'
[0.114s] DEBUG:colcon.colcon_core.package_identification:Package 'diff_drive_example' with type 'ros.ament_cmake' and name 'diff_drive_example'
[0.114s] Level 1:colcon.colcon_core.package_identification:_identify(install) by extensions ['ignore', 'ignore_ament_install']
[0.114s] Level 1:colcon.colcon_core.package_identification:_identify(install) by extension 'ignore'
[0.114s] Level 1:colcon.colcon_core.package_identification:_identify(install) ignored
[0.114s] Level 1:colcon.colcon_core.package_identification:_identify(log) by extensions ['ignore', 'ignore_ament_install']
[0.114s] Level 1:colcon.colcon_core.package_identification:_identify(log) by extension 'ignore'
[0.114s] Level 1:colcon.colcon_core.package_identification:_identify(log) ignored
[0.114s] Level 1:colcon.colcon_core.package_identification:_identify(phidgets_test) by extensions ['ignore', 'ignore_ament_install']
[0.114s] Level 1:colcon.colcon_core.package_identification:_identify(phidgets_test) by extension 'ignore'
[0.114s] Level 1:colcon.colcon_core.package_identification:_identify(phidgets_test) by extension 'ignore_ament_install'
[0.114s] Level 1:colcon.colcon_core.package_identification:_identify(phidgets_test) by extensions ['colcon_pkg']
[0.114s] Level 1:colcon.colcon_core.package_identification:_identify(phidgets_test) by extension 'colcon_pkg'
[0.114s] Level 1:colcon.colcon_core.package_identification:_identify(phidgets_test) by extensions ['colcon_meta']
[0.115s] Level 1:colcon.colcon_core.package_identification:_identify(phidgets_test) by extension 'colcon_meta'
[0.115s] Level 1:colcon.colcon_core.package_identification:_identify(phidgets_test) by extensions ['ros']
[0.115s] Level 1:colcon.colcon_core.package_identification:_identify(phidgets_test) by extension 'ros'
[0.115s] DEBUG:colcon.colcon_core.package_identification:Package 'phidgets_test' with type 'ros.ament_cmake' and name 'phidgets_test'
[0.115s] Level 1:colcon.colcon_core.package_identification:_identify(robot_bringup) by extensions ['ignore', 'ignore_ament_install']
[0.115s] Level 1:colcon.colcon_core.package_identification:_identify(robot_bringup) by extension 'ignore'
[0.115s] Level 1:colcon.colcon_core.package_identification:_identify(robot_bringup) by extension 'ignore_ament_install'
[0.115s] Level 1:colcon.colcon_core.package_identification:_identify(robot_bringup) by extensions ['colcon_pkg']
[0.115s] Level 1:colcon.colcon_core.package_identification:_identify(robot_bringup) by extension 'colcon_pkg'
[0.115s] Level 1:colcon.colcon_core.package_identification:_identify(robot_bringup) by extensions ['colcon_meta']
[0.115s] Level 1:colcon.colcon_core.package_identification:_identify(robot_bringup) by extension 'colcon_meta'
[0.115s] Level 1:colcon.colcon_core.package_identification:_identify(robot_bringup) by extensions ['ros']
[0.115s] Level 1:colcon.colcon_core.package_identification:_identify(robot_bringup) by extension 'ros'
[0.116s] DEBUG:colcon.colcon_core.package_identification:Package 'robot_bringup' with type 'ros.ament_cmake' and name 'robot_bringup'
[0.116s] Level 1:colcon.colcon_core.package_identification:_identify(robot_description) by extensions ['ignore', 'ignore_ament_install']
[0.116s] Level 1:colcon.colcon_core.package_identification:_identify(robot_description) by extension 'ignore'
[0.116s] Level 1:colcon.colcon_core.package_identification:_identify(robot_description) by extension 'ignore_ament_install'
[0.116s] Level 1:colcon.colcon_core.package_identification:_identify(robot_description) by extensions ['colcon_pkg']
[0.116s] Level 1:colcon.colcon_core.package_identification:_identify(robot_description) by extension 'colcon_pkg'
[0.116s] Level 1:colcon.colcon_core.package_identification:_identify(robot_description) by extensions ['colcon_meta']
[0.116s] Level 1:colcon.colcon_core.package_identification:_identify(robot_description) by extension 'colcon_meta'
[0.116s] Level 1:colcon.colcon_core.package_identification:_identify(robot_description) by extensions ['ros']
[0.116s] Level 1:colcon.colcon_core.package_identification:_identify(robot_description) by extension 'ros'
[0.116s] DEBUG:colcon.colcon_core.package_identification:Package 'robot_description' with type 'ros.ament_cmake' and name 'robot_description'
[0.116s] Level 1:colcon.colcon_core.package_identification:_identify(robot_sim_bringup) by extensions ['ignore', 'ignore_ament_install']
[0.116s] Level 1:colcon.colcon_core.package_identification:_identify(robot_sim_bringup) by extension 'ignore'
[0.116s] Level 1:colcon.colcon_core.package_identification:_identify(robot_sim_bringup) by extension 'ignore_ament_install'
[0.116s] Level 1:colcon.colcon_core.package_identification:_identify(robot_sim_bringup) by extensions ['colcon_pkg']
[0.116s] Level 1:colcon.colcon_core.package_identification:_identify(robot_sim_bringup) by extension 'colcon_pkg'
[0.116s] Level 1:colcon.colcon_core.package_identification:_identify(robot_sim_bringup) by extensions ['colcon_meta']
[0.116s] Level 1:colcon.colcon_core.package_identification:_identify(robot_sim_bringup) by extension 'colcon_meta'
[0.116s] Level 1:colcon.colcon_core.package_identification:_identify(robot_sim_bringup) by extensions ['ros']
[0.116s] Level 1:colcon.colcon_core.package_identification:_identify(robot_sim_bringup) by extension 'ros'
[0.116s] DEBUG:colcon.colcon_core.package_identification:Package 'robot_sim_bringup' with type 'ros.ament_cmake' and name 'robot_sim_bringup'
[0.116s] Level 1:colcon.colcon_core.package_identification:_identify(robot_sim_description) by extensions ['ignore', 'ignore_ament_install']
[0.117s] Level 1:colcon.colcon_core.package_identification:_identify(robot_sim_description) by extension 'ignore'
[0.117s] Level 1:colcon.colcon_core.package_identification:_identify(robot_sim_description) by extension 'ignore_ament_install'
[0.117s] Level 1:colcon.colcon_core.package_identification:_identify(robot_sim_description) by extensions ['colcon_pkg']
[0.117s] Level 1:colcon.colcon_core.package_identification:_identify(robot_sim_description) by extension 'colcon_pkg'
[0.117s] Level 1:colcon.colcon_core.package_identification:_identify(robot_sim_description) by extensions ['colcon_meta']
[0.117s] Level 1:colcon.colcon_core.package_identification:_identify(robot_sim_description) by extension 'colcon_meta'
[0.117s] Level 1:colcon.colcon_core.package_identification:_identify(robot_sim_description) by extensions ['ros']
[0.117s] Level 1:colcon.colcon_core.package_identification:_identify(robot_sim_description) by extension 'ros'
[0.117s] DEBUG:colcon.colcon_core.package_identification:Package 'robot_sim_description' with type 'ros.ament_cmake' and name 'robot_sim_description'
[0.117s] Level 1:colcon.colcon_core.package_identification:_identify(robot_teleop) by extensions ['ignore', 'ignore_ament_install']
[0.117s] Level 1:colcon.colcon_core.package_identification:_identify(robot_teleop) by extension 'ignore'
[0.117s] Level 1:colcon.colcon_core.package_identification:_identify(robot_teleop) by extension 'ignore_ament_install'
[0.117s] Level 1:colcon.colcon_core.package_identification:_identify(robot_teleop) by extensions ['colcon_pkg']
[0.117s] Level 1:colcon.colcon_core.package_identification:_identify(robot_teleop) by extension 'colcon_pkg'
[0.117s] Level 1:colcon.colcon_core.package_identification:_identify(robot_teleop) by extensions ['colcon_meta']
[0.117s] Level 1:colcon.colcon_core.package_identification:_identify(robot_teleop) by extension 'colcon_meta'
[0.117s] Level 1:colcon.colcon_core.package_identification:_identify(robot_teleop) by extensions ['ros']
[0.117s] Level 1:colcon.colcon_core.package_identification:_identify(robot_teleop) by extension 'ros'
[0.117s] DEBUG:colcon.colcon_core.package_identification:Package 'robot_teleop' with type 'ros.ament_python' and name 'robot_teleop'
[0.117s] Level 1:colcon.colcon_core.package_discovery:discover_packages(recursive) using defaults
[0.117s] Level 1:colcon.colcon_core.package_discovery:discover_packages(ignore) discover
[0.117s] Level 1:colcon.colcon_core.package_discovery:discover_packages(ignore) using defaults
[0.117s] Level 1:colcon.colcon_core.package_discovery:discover_packages(path) discover
[0.117s] Level 1:colcon.colcon_core.package_discovery:discover_packages(path) using defaults
[0.129s] INFO:colcon.colcon_core.package_selection:Skipping not selected package 'diff_drive_example' in 'diff_drive_example'
[0.129s] INFO:colcon.colcon_core.package_selection:Skipping not selected package 'phidgets_test' in 'phidgets_test'
[0.129s] INFO:colcon.colcon_core.package_selection:Skipping not selected package 'robot_description' in 'robot_description'
[0.129s] INFO:colcon.colcon_core.package_selection:Skipping not selected package 'robot_teleop' in 'robot_teleop'
[0.129s] INFO:colcon.colcon_core.package_selection:Skipping not selected package 'robot_bringup' in 'robot_bringup'
[0.129s] Level 1:colcon.colcon_core.package_discovery:discover_packages(prefix_path) check parameters
[0.129s] Level 1:colcon.colcon_core.package_discovery:discover_packages(prefix_path) discover
[0.129s] WARNING:colcon.colcon_ros.prefix_path.ament:The path '/home/luke/Projects/capstone/search-support-robots/ros-packages/install/robot_sim_bringup' in the environment variable AMENT_PREFIX_PATH doesn't exist
[0.130s] WARNING:colcon.colcon_ros.prefix_path.ament:The path '/home/luke/Projects/capstone/search-support-robots/ros-packages/install/robot_sim_description' in the environment variable AMENT_PREFIX_PATH doesn't exist
[0.130s] WARNING:colcon.colcon_ros.prefix_path.catkin:The path '/home/luke/Projects/capstone/search-support-robots/ros-packages/install/robot_sim_bringup' in the environment variable CMAKE_PREFIX_PATH doesn't exist
[0.130s] WARNING:colcon.colcon_ros.prefix_path.catkin:The path '/home/luke/Projects/capstone/search-support-robots/ros-packages/install/robot_sim_description' in the environment variable CMAKE_PREFIX_PATH doesn't exist
[0.130s] DEBUG:colcon.colcon_installed_package_information.package_discovery:Found 0 installed packages in /home/luke/Projects/capstone/search-support-robots/ros-packages/install
[0.131s] DEBUG:colcon.colcon_installed_package_information.package_discovery:Found 423 installed packages in /opt/ros/jazzy
[0.133s] Level 1:colcon.colcon_core.package_discovery:discover_packages(prefix_path) using defaults
[0.166s] Level 5:colcon.colcon_core.verb:set package 'robot_sim_description' build argument 'cmake_args' from command line to 'None'
[0.166s] Level 5:colcon.colcon_core.verb:set package 'robot_sim_description' build argument 'cmake_target' from command line to 'None'
[0.166s] Level 5:colcon.colcon_core.verb:set package 'robot_sim_description' build argument 'cmake_target_skip_unavailable' from command line to 'False'
[0.166s] Level 5:colcon.colcon_core.verb:set package 'robot_sim_description' build argument 'cmake_clean_cache' from command line to 'False'
[0.166s] Level 5:colcon.colcon_core.verb:set package 'robot_sim_description' build argument 'cmake_clean_first' from command line to 'False'
[0.166s] Level 5:colcon.colcon_core.verb:set package 'robot_sim_description' build argument 'cmake_force_configure' from command line to 'False'
[0.166s] Level 5:colcon.colcon_core.verb:set package 'robot_sim_description' build argument 'ament_cmake_args' from command line to 'None'
[0.166s] Level 5:colcon.colcon_core.verb:set package 'robot_sim_description' build argument 'catkin_cmake_args' from command line to 'None'
[0.166s] Level 5:colcon.colcon_core.verb:set package 'robot_sim_description' build argument 'catkin_skip_building_tests' from command line to 'False'
[0.166s] DEBUG:colcon.colcon_core.verb:Building package 'robot_sim_description' with the following arguments: {'ament_cmake_args': None, 'build_base': '/home/luke/Projects/capstone/search-support-robots/ros-packages/build/robot_sim_description', 'catkin_cmake_args': None, 'catkin_skip_building_tests': False, 'cmake_args': None, 'cmake_clean_cache': False, 'cmake_clean_first': False, 'cmake_force_configure': False, 'cmake_target': None, 'cmake_target_skip_unavailable': False, 'install_base': '/home/luke/Projects/capstone/search-support-robots/ros-packages/install/robot_sim_description', 'merge_install': False, 'path': '/home/luke/Projects/capstone/search-support-robots/ros-packages/robot_sim_description', 'symlink_install': False, 'test_result_base': None}
[0.166s] Level 5:colcon.colcon_core.verb:set package 'robot_sim_bringup' build argument 'cmake_args' from command line to 'None'
[0.166s] Level 5:colcon.colcon_core.verb:set package 'robot_sim_bringup' build argument 'cmake_target' from command line to 'None'
[0.166s] Level 5:colcon.colcon_core.verb:set package 'robot_sim_bringup' build argument 'cmake_target_skip_unavailable' from command line to 'False'
[0.166s] Level 5:colcon.colcon_core.verb:set package 'robot_sim_bringup' build argument 'cmake_clean_cache' from command line to 'False'
[0.166s] Level 5:colcon.colcon_core.verb:set package 'robot_sim_bringup' build argument 'cmake_clean_first' from command line to 'False'
[0.167s] Level 5:colcon.colcon_core.verb:set package 'robot_sim_bringup' build argument 'cmake_force_configure' from command line to 'False'
[0.167s] Level 5:colcon.colcon_core.verb:set package 'robot_sim_bringup' build argument 'ament_cmake_args' from command line to 'None'
[0.167s] Level 5:colcon.colcon_core.verb:set package 'robot_sim_bringup' build argument 'catkin_cmake_args' from command line to 'None'
[0.167s] Level 5:colcon.colcon_core.verb:set package 'robot_sim_bringup' build argument 'catkin_skip_building_tests' from command line to 'False'
[0.167s] DEBUG:colcon.colcon_core.verb:Building package 'robot_sim_bringup' with the following arguments: {'ament_cmake_args': None, 'build_base': '/home/luke/Projects/capstone/search-support-robots/ros-packages/build/robot_sim_bringup', 'catkin_cmake_args': None, 'catkin_skip_building_tests': False, 'cmake_args': None, 'cmake_clean_cache': False, 'cmake_clean_first': False, 'cmake_force_configure': False, 'cmake_target': None, 'cmake_target_skip_unavailable': False, 'install_base': '/home/luke/Projects/capstone/search-support-robots/ros-packages/install/robot_sim_bringup', 'merge_install': False, 'path': '/home/luke/Projects/capstone/search-support-robots/ros-packages/robot_sim_bringup', 'symlink_install': False, 'test_result_base': None}
[0.167s] INFO:colcon.colcon_core.executor:Executing jobs using 'parallel' executor
[0.168s] DEBUG:colcon.colcon_parallel_executor.executor.parallel:run_until_complete
[0.168s] INFO:colcon.colcon_ros.task.ament_cmake.build:Building ROS package in '/home/luke/Projects/capstone/search-support-robots/ros-packages/robot_sim_description' with build type 'ament_cmake'
[0.168s] INFO:colcon.colcon_cmake.task.cmake.build:Building CMake package in '/home/luke/Projects/capstone/search-support-robots/ros-packages/robot_sim_description'
[0.169s] INFO:colcon.colcon_core.plugin_system:Skipping extension 'colcon_core.shell.bat': Not used on non-Windows systems
[0.169s] INFO:colcon.colcon_core.shell:Skip shell extension 'powershell' for command environment: Not usable outside of PowerShell
[0.169s] DEBUG:colcon.colcon_core.shell:Skip shell extension 'dsv' for command environment
[0.177s] DEBUG:colcon.colcon_core.event_handler.log_command:Invoking command in '/home/luke/Projects/capstone/search-support-robots/ros-packages/build/robot_sim_description': CMAKE_PREFIX_PATH=${CMAKE_PREFIX_PATH}:/opt/ros/jazzy DEBUGINFOD_URLS=https://debuginfod.ubuntu.com /usr/bin/cmake /home/luke/Projects/capstone/search-support-robots/ros-packages/robot_sim_description -DCMAKE_INSTALL_PREFIX=/home/luke/Projects/capstone/search-support-robots/ros-packages/install/robot_sim_description
[1.103s] DEBUG:colcon.colcon_core.event_handler.log_command:Invoked command in '/home/luke/Projects/capstone/search-support-robots/ros-packages/build/robot_sim_description' returned '0': CMAKE_PREFIX_PATH=${CMAKE_PREFIX_PATH}:/opt/ros/jazzy DEBUGINFOD_URLS=https://debuginfod.ubuntu.com /usr/bin/cmake /home/luke/Projects/capstone/search-support-robots/ros-packages/robot_sim_description -DCMAKE_INSTALL_PREFIX=/home/luke/Projects/capstone/search-support-robots/ros-packages/install/robot_sim_description
[1.104s] DEBUG:colcon.colcon_core.event_handler.log_command:Invoking command in '/home/luke/Projects/capstone/search-support-robots/ros-packages/build/robot_sim_description': CMAKE_PREFIX_PATH=${CMAKE_PREFIX_PATH}:/opt/ros/jazzy DEBUGINFOD_URLS=https://debuginfod.ubuntu.com /usr/bin/cmake --build /home/luke/Projects/capstone/search-support-robots/ros-packages/build/robot_sim_description -- -j16 -l16
[1.144s] DEBUG:colcon.colcon_core.event_handler.log_command:Invoked command in '/home/luke/Projects/capstone/search-support-robots/ros-packages/build/robot_sim_description' returned '0': CMAKE_PREFIX_PATH=${CMAKE_PREFIX_PATH}:/opt/ros/jazzy DEBUGINFOD_URLS=https://debuginfod.ubuntu.com /usr/bin/cmake --build /home/luke/Projects/capstone/search-support-robots/ros-packages/build/robot_sim_description -- -j16 -l16
[1.154s] DEBUG:colcon.colcon_core.event_handler.log_command:Invoking command in '/home/luke/Projects/capstone/search-support-robots/ros-packages/build/robot_sim_description': CMAKE_PREFIX_PATH=${CMAKE_PREFIX_PATH}:/opt/ros/jazzy DEBUGINFOD_URLS=https://debuginfod.ubuntu.com /usr/bin/cmake --install /home/luke/Projects/capstone/search-support-robots/ros-packages/build/robot_sim_description
[1.163s] Level 1:colcon.colcon_core.environment:create_environment_scripts_only(robot_sim_description)
[1.165s] DEBUG:colcon.colcon_core.event_handler.log_command:Invoked command in '/home/luke/Projects/capstone/search-support-robots/ros-packages/build/robot_sim_description' returned '0': CMAKE_PREFIX_PATH=${CMAKE_PREFIX_PATH}:/opt/ros/jazzy DEBUGINFOD_URLS=https://debuginfod.ubuntu.com /usr/bin/cmake --install /home/luke/Projects/capstone/search-support-robots/ros-packages/build/robot_sim_description
[1.167s] Level 1:colcon.colcon_core.environment:checking '/home/luke/Projects/capstone/search-support-robots/ros-packages/install/robot_sim_description' for CMake module files
[1.167s] Level 1:colcon.colcon_core.environment:checking '/home/luke/Projects/capstone/search-support-robots/ros-packages/install/robot_sim_description' for CMake config files
[1.167s] Level 1:colcon.colcon_core.shell:create_environment_hook('robot_sim_description', 'cmake_prefix_path')
[1.167s] INFO:colcon.colcon_core.shell:Creating environment hook '/home/luke/Projects/capstone/search-support-robots/ros-packages/install/robot_sim_description/share/robot_sim_description/hook/cmake_prefix_path.ps1'
[1.167s] INFO:colcon.colcon_core.shell:Creating environment descriptor '/home/luke/Projects/capstone/search-support-robots/ros-packages/install/robot_sim_description/share/robot_sim_description/hook/cmake_prefix_path.dsv'
[1.168s] INFO:colcon.colcon_core.shell:Creating environment hook '/home/luke/Projects/capstone/search-support-robots/ros-packages/install/robot_sim_description/share/robot_sim_description/hook/cmake_prefix_path.sh'
[1.168s] Level 1:colcon.colcon_core.environment:checking '/home/luke/Projects/capstone/search-support-robots/ros-packages/install/robot_sim_description/bin'
[1.168s] Level 1:colcon.colcon_core.environment:checking '/home/luke/Projects/capstone/search-support-robots/ros-packages/install/robot_sim_description/lib/pkgconfig/robot_sim_description.pc'
[1.168s] Level 1:colcon.colcon_core.environment:checking '/home/luke/Projects/capstone/search-support-robots/ros-packages/install/robot_sim_description/lib/python3.12/site-packages'
[1.169s] Level 1:colcon.colcon_core.environment:checking '/home/luke/Projects/capstone/search-support-robots/ros-packages/install/robot_sim_description/bin'
[1.169s] INFO:colcon.colcon_core.shell:Creating package script '/home/luke/Projects/capstone/search-support-robots/ros-packages/install/robot_sim_description/share/robot_sim_description/package.ps1'
[1.169s] INFO:colcon.colcon_core.shell:Creating package descriptor '/home/luke/Projects/capstone/search-support-robots/ros-packages/install/robot_sim_description/share/robot_sim_description/package.dsv'
[1.169s] INFO:colcon.colcon_core.shell:Creating package script '/home/luke/Projects/capstone/search-support-robots/ros-packages/install/robot_sim_description/share/robot_sim_description/package.sh'
[1.170s] INFO:colcon.colcon_core.shell:Creating package script '/home/luke/Projects/capstone/search-support-robots/ros-packages/install/robot_sim_description/share/robot_sim_description/package.bash'
[1.170s] INFO:colcon.colcon_core.shell:Creating package script '/home/luke/Projects/capstone/search-support-robots/ros-packages/install/robot_sim_description/share/robot_sim_description/package.zsh'
[1.170s] Level 1:colcon.colcon_core.environment:create_file_with_runtime_dependencies(/home/luke/Projects/capstone/search-support-robots/ros-packages/install/robot_sim_description/share/colcon-core/packages/robot_sim_description)
[1.171s] Level 1:colcon.colcon_core.environment:create_environment_scripts_only(robot_sim_description)
[1.171s] Level 1:colcon.colcon_core.environment:checking '/home/luke/Projects/capstone/search-support-robots/ros-packages/install/robot_sim_description' for CMake module files
[1.171s] Level 1:colcon.colcon_core.environment:checking '/home/luke/Projects/capstone/search-support-robots/ros-packages/install/robot_sim_description' for CMake config files
[1.171s] Level 1:colcon.colcon_core.shell:create_environment_hook('robot_sim_description', 'cmake_prefix_path')
[1.171s] INFO:colcon.colcon_core.shell:Creating environment hook '/home/luke/Projects/capstone/search-support-robots/ros-packages/install/robot_sim_description/share/robot_sim_description/hook/cmake_prefix_path.ps1'
[1.172s] INFO:colcon.colcon_core.shell:Creating environment descriptor '/home/luke/Projects/capstone/search-support-robots/ros-packages/install/robot_sim_description/share/robot_sim_description/hook/cmake_prefix_path.dsv'
[1.172s] INFO:colcon.colcon_core.shell:Creating environment hook '/home/luke/Projects/capstone/search-support-robots/ros-packages/install/robot_sim_description/share/robot_sim_description/hook/cmake_prefix_path.sh'
[1.172s] Level 1:colcon.colcon_core.environment:checking '/home/luke/Projects/capstone/search-support-robots/ros-packages/install/robot_sim_description/bin'
[1.172s] Level 1:colcon.colcon_core.environment:checking '/home/luke/Projects/capstone/search-support-robots/ros-packages/install/robot_sim_description/lib/pkgconfig/robot_sim_description.pc'
[1.172s] Level 1:colcon.colcon_core.environment:checking '/home/luke/Projects/capstone/search-support-robots/ros-packages/install/robot_sim_description/lib/python3.12/site-packages'
[1.172s] Level 1:colcon.colcon_core.environment:checking '/home/luke/Projects/capstone/search-support-robots/ros-packages/install/robot_sim_description/bin'
[1.172s] INFO:colcon.colcon_core.shell:Creating package script '/home/luke/Projects/capstone/search-support-robots/ros-packages/install/robot_sim_description/share/robot_sim_description/package.ps1'
[1.173s] INFO:colcon.colcon_core.shell:Creating package descriptor '/home/luke/Projects/capstone/search-support-robots/ros-packages/install/robot_sim_description/share/robot_sim_description/package.dsv'
[1.173s] INFO:colcon.colcon_core.shell:Creating package script '/home/luke/Projects/capstone/search-support-robots/ros-packages/install/robot_sim_description/share/robot_sim_description/package.sh'
[1.173s] INFO:colcon.colcon_core.shell:Creating package script '/home/luke/Projects/capstone/search-support-robots/ros-packages/install/robot_sim_description/share/robot_sim_description/package.bash'
[1.173s] INFO:colcon.colcon_core.shell:Creating package script '/home/luke/Projects/capstone/search-support-robots/ros-packages/install/robot_sim_description/share/robot_sim_description/package.zsh'
[1.174s] Level 1:colcon.colcon_core.environment:create_file_with_runtime_dependencies(/home/luke/Projects/capstone/search-support-robots/ros-packages/install/robot_sim_description/share/colcon-core/packages/robot_sim_description)
[1.174s] INFO:colcon.colcon_ros.task.ament_cmake.build:Building ROS package in '/home/luke/Projects/capstone/search-support-robots/ros-packages/robot_sim_bringup' with build type 'ament_cmake'
[1.174s] INFO:colcon.colcon_cmake.task.cmake.build:Building CMake package in '/home/luke/Projects/capstone/search-support-robots/ros-packages/robot_sim_bringup'
[1.174s] INFO:colcon.colcon_core.shell:Skip shell extension 'powershell' for command environment: Not usable outside of PowerShell
[1.174s] DEBUG:colcon.colcon_core.shell:Skip shell extension 'dsv' for command environment
[1.181s] DEBUG:colcon.colcon_core.event_handler.log_command:Invoking command in '/home/luke/Projects/capstone/search-support-robots/ros-packages/build/robot_sim_bringup': CMAKE_PREFIX_PATH=/home/luke/Projects/capstone/search-support-robots/ros-packages/install/robot_sim_description:/home/luke/Projects/capstone/search-support-robots/ros-packages/install/robot_sim_bringup:/opt/ros/jazzy/opt/gz_sim_vendor:/opt/ros/jazzy/opt/gz_sensors_vendor:/opt/ros/jazzy/opt/gz_physics_vendor:/opt/ros/jazzy/opt/sdformat_vendor:/opt/ros/jazzy/opt/gz_gui_vendor:/opt/ros/jazzy/opt/gz_transport_vendor:/opt/ros/jazzy/opt/gz_rendering_vendor:/opt/ros/jazzy/opt/gz_plugin_vendor:/opt/ros/jazzy/opt/gz_fuel_tools_vendor:/opt/ros/jazzy/opt/gz_msgs_vendor:/opt/ros/jazzy/opt/gz_common_vendor:/opt/ros/jazzy/opt/gz_math_vendor:/opt/ros/jazzy/opt/gz_utils_vendor:/opt/ros/jazzy/opt/gz_tools_vendor:/opt/ros/jazzy/opt/gz_ogre_next_vendor:/opt/ros/jazzy/opt/gz_dartsim_vendor:/opt/ros/jazzy/opt/gz_cmake_vendor:/opt/ros/jazzy DEBUGINFOD_URLS=https://debuginfod.ubuntu.com /usr/bin/cmake /home/luke/Projects/capstone/search-support-robots/ros-packages/robot_sim_bringup -DCMAKE_INSTALL_PREFIX=/home/luke/Projects/capstone/search-support-robots/ros-packages/install/robot_sim_bringup
[1.784s] DEBUG:colcon.colcon_core.event_handler.log_command:Invoked command in '/home/luke/Projects/capstone/search-support-robots/ros-packages/build/robot_sim_bringup' returned '0': CMAKE_PREFIX_PATH=/home/luke/Projects/capstone/search-support-robots/ros-packages/install/robot_sim_description:/home/luke/Projects/capstone/search-support-robots/ros-packages/install/robot_sim_bringup:/opt/ros/jazzy/opt/gz_sim_vendor:/opt/ros/jazzy/opt/gz_sensors_vendor:/opt/ros/jazzy/opt/gz_physics_vendor:/opt/ros/jazzy/opt/sdformat_vendor:/opt/ros/jazzy/opt/gz_gui_vendor:/opt/ros/jazzy/opt/gz_transport_vendor:/opt/ros/jazzy/opt/gz_rendering_vendor:/opt/ros/jazzy/opt/gz_plugin_vendor:/opt/ros/jazzy/opt/gz_fuel_tools_vendor:/opt/ros/jazzy/opt/gz_msgs_vendor:/opt/ros/jazzy/opt/gz_common_vendor:/opt/ros/jazzy/opt/gz_math_vendor:/opt/ros/jazzy/opt/gz_utils_vendor:/opt/ros/jazzy/opt/gz_tools_vendor:/opt/ros/jazzy/opt/gz_ogre_next_vendor:/opt/ros/jazzy/opt/gz_dartsim_vendor:/opt/ros/jazzy/opt/gz_cmake_vendor:/opt/ros/jazzy DEBUGINFOD_URLS=https://debuginfod.ubuntu.com /usr/bin/cmake /home/luke/Projects/capstone/search-support-robots/ros-packages/robot_sim_bringup -DCMAKE_INSTALL_PREFIX=/home/luke/Projects/capstone/search-support-robots/ros-packages/install/robot_sim_bringup
[1.785s] DEBUG:colcon.colcon_core.event_handler.log_command:Invoking command in '/home/luke/Projects/capstone/search-support-robots/ros-packages/build/robot_sim_bringup': CMAKE_PREFIX_PATH=/home/luke/Projects/capstone/search-support-robots/ros-packages/install/robot_sim_description:/home/luke/Projects/capstone/search-support-robots/ros-packages/install/robot_sim_bringup:/opt/ros/jazzy/opt/gz_sim_vendor:/opt/ros/jazzy/opt/gz_sensors_vendor:/opt/ros/jazzy/opt/gz_physics_vendor:/opt/ros/jazzy/opt/sdformat_vendor:/opt/ros/jazzy/opt/gz_gui_vendor:/opt/ros/jazzy/opt/gz_transport_vendor:/opt/ros/jazzy/opt/gz_rendering_vendor:/opt/ros/jazzy/opt/gz_plugin_vendor:/opt/ros/jazzy/opt/gz_fuel_tools_vendor:/opt/ros/jazzy/opt/gz_msgs_vendor:/opt/ros/jazzy/opt/gz_common_vendor:/opt/ros/jazzy/opt/gz_math_vendor:/opt/ros/jazzy/opt/gz_utils_vendor:/opt/ros/jazzy/opt/gz_tools_vendor:/opt/ros/jazzy/opt/gz_ogre_next_vendor:/opt/ros/jazzy/opt/gz_dartsim_vendor:/opt/ros/jazzy/opt/gz_cmake_vendor:/opt/ros/jazzy DEBUGINFOD_URLS=https://debuginfod.ubuntu.com /usr/bin/cmake --build /home/luke/Projects/capstone/search-support-robots/ros-packages/build/robot_sim_bringup -- -j16 -l16
[1.822s] DEBUG:colcon.colcon_core.event_handler.log_command:Invoked command in '/home/luke/Projects/capstone/search-support-robots/ros-packages/build/robot_sim_bringup' returned '0': CMAKE_PREFIX_PATH=/home/luke/Projects/capstone/search-support-robots/ros-packages/install/robot_sim_description:/home/luke/Projects/capstone/search-support-robots/ros-packages/install/robot_sim_bringup:/opt/ros/jazzy/opt/gz_sim_vendor:/opt/ros/jazzy/opt/gz_sensors_vendor:/opt/ros/jazzy/opt/gz_physics_vendor:/opt/ros/jazzy/opt/sdformat_vendor:/opt/ros/jazzy/opt/gz_gui_vendor:/opt/ros/jazzy/opt/gz_transport_vendor:/opt/ros/jazzy/opt/gz_rendering_vendor:/opt/ros/jazzy/opt/gz_plugin_vendor:/opt/ros/jazzy/opt/gz_fuel_tools_vendor:/opt/ros/jazzy/opt/gz_msgs_vendor:/opt/ros/jazzy/opt/gz_common_vendor:/opt/ros/jazzy/opt/gz_math_vendor:/opt/ros/jazzy/opt/gz_utils_vendor:/opt/ros/jazzy/opt/gz_tools_vendor:/opt/ros/jazzy/opt/gz_ogre_next_vendor:/opt/ros/jazzy/opt/gz_dartsim_vendor:/opt/ros/jazzy/opt/gz_cmake_vendor:/opt/ros/jazzy DEBUGINFOD_URLS=https://debuginfod.ubuntu.com /usr/bin/cmake --build /home/luke/Projects/capstone/search-support-robots/ros-packages/build/robot_sim_bringup -- -j16 -l16
[1.822s] DEBUG:colcon.colcon_core.event_handler.log_command:Invoking command in '/home/luke/Projects/capstone/search-support-robots/ros-packages/build/robot_sim_bringup': CMAKE_PREFIX_PATH=/home/luke/Projects/capstone/search-support-robots/ros-packages/install/robot_sim_description:/home/luke/Projects/capstone/search-support-robots/ros-packages/install/robot_sim_bringup:/opt/ros/jazzy/opt/gz_sim_vendor:/opt/ros/jazzy/opt/gz_sensors_vendor:/opt/ros/jazzy/opt/gz_physics_vendor:/opt/ros/jazzy/opt/sdformat_vendor:/opt/ros/jazzy/opt/gz_gui_vendor:/opt/ros/jazzy/opt/gz_transport_vendor:/opt/ros/jazzy/opt/gz_rendering_vendor:/opt/ros/jazzy/opt/gz_plugin_vendor:/opt/ros/jazzy/opt/gz_fuel_tools_vendor:/opt/ros/jazzy/opt/gz_msgs_vendor:/opt/ros/jazzy/opt/gz_common_vendor:/opt/ros/jazzy/opt/gz_math_vendor:/opt/ros/jazzy/opt/gz_utils_vendor:/opt/ros/jazzy/opt/gz_tools_vendor:/opt/ros/jazzy/opt/gz_ogre_next_vendor:/opt/ros/jazzy/opt/gz_dartsim_vendor:/opt/ros/jazzy/opt/gz_cmake_vendor:/opt/ros/jazzy DEBUGINFOD_URLS=https://debuginfod.ubuntu.com /usr/bin/cmake --install /home/luke/Projects/capstone/search-support-robots/ros-packages/build/robot_sim_bringup
[1.834s] Level 1:colcon.colcon_core.environment:create_environment_scripts_only(robot_sim_bringup)
[1.834s] DEBUG:colcon.colcon_core.event_handler.log_command:Invoked command in '/home/luke/Projects/capstone/search-support-robots/ros-packages/build/robot_sim_bringup' returned '0': CMAKE_PREFIX_PATH=/home/luke/Projects/capstone/search-support-robots/ros-packages/install/robot_sim_description:/home/luke/Projects/capstone/search-support-robots/ros-packages/install/robot_sim_bringup:/opt/ros/jazzy/opt/gz_sim_vendor:/opt/ros/jazzy/opt/gz_sensors_vendor:/opt/ros/jazzy/opt/gz_physics_vendor:/opt/ros/jazzy/opt/sdformat_vendor:/opt/ros/jazzy/opt/gz_gui_vendor:/opt/ros/jazzy/opt/gz_transport_vendor:/opt/ros/jazzy/opt/gz_rendering_vendor:/opt/ros/jazzy/opt/gz_plugin_vendor:/opt/ros/jazzy/opt/gz_fuel_tools_vendor:/opt/ros/jazzy/opt/gz_msgs_vendor:/opt/ros/jazzy/opt/gz_common_vendor:/opt/ros/jazzy/opt/gz_math_vendor:/opt/ros/jazzy/opt/gz_utils_vendor:/opt/ros/jazzy/opt/gz_tools_vendor:/opt/ros/jazzy/opt/gz_ogre_next_vendor:/opt/ros/jazzy/opt/gz_dartsim_vendor:/opt/ros/jazzy/opt/gz_cmake_vendor:/opt/ros/jazzy DEBUGINFOD_URLS=https://debuginfod.ubuntu.com /usr/bin/cmake --install /home/luke/Projects/capstone/search-support-robots/ros-packages/build/robot_sim_bringup
[1.834s] Level 1:colcon.colcon_core.environment:checking '/home/luke/Projects/capstone/search-support-robots/ros-packages/install/robot_sim_bringup' for CMake module files
[1.835s] Level 1:colcon.colcon_core.environment:checking '/home/luke/Projects/capstone/search-support-robots/ros-packages/install/robot_sim_bringup' for CMake config files
[1.835s] Level 1:colcon.colcon_core.shell:create_environment_hook('robot_sim_bringup', 'cmake_prefix_path')
[1.835s] INFO:colcon.colcon_core.shell:Creating environment hook '/home/luke/Projects/capstone/search-support-robots/ros-packages/install/robot_sim_bringup/share/robot_sim_bringup/hook/cmake_prefix_path.ps1'
[1.835s] INFO:colcon.colcon_core.shell:Creating environment descriptor '/home/luke/Projects/capstone/search-support-robots/ros-packages/install/robot_sim_bringup/share/robot_sim_bringup/hook/cmake_prefix_path.dsv'
[1.836s] INFO:colcon.colcon_core.shell:Creating environment hook '/home/luke/Projects/capstone/search-support-robots/ros-packages/install/robot_sim_bringup/share/robot_sim_bringup/hook/cmake_prefix_path.sh'
[1.836s] Level 1:colcon.colcon_core.environment:checking '/home/luke/Projects/capstone/search-support-robots/ros-packages/install/robot_sim_bringup/bin'
[1.836s] Level 1:colcon.colcon_core.environment:checking '/home/luke/Projects/capstone/search-support-robots/ros-packages/install/robot_sim_bringup/lib/pkgconfig/robot_sim_bringup.pc'
[1.836s] Level 1:colcon.colcon_core.environment:checking '/home/luke/Projects/capstone/search-support-robots/ros-packages/install/robot_sim_bringup/lib/python3.12/site-packages'
[1.836s] Level 1:colcon.colcon_core.environment:checking '/home/luke/Projects/capstone/search-support-robots/ros-packages/install/robot_sim_bringup/bin'
[1.836s] INFO:colcon.colcon_core.shell:Creating package script '/home/luke/Projects/capstone/search-support-robots/ros-packages/install/robot_sim_bringup/share/robot_sim_bringup/package.ps1'
[1.836s] INFO:colcon.colcon_core.shell:Creating package descriptor '/home/luke/Projects/capstone/search-support-robots/ros-packages/install/robot_sim_bringup/share/robot_sim_bringup/package.dsv'
[1.837s] INFO:colcon.colcon_core.shell:Creating package script '/home/luke/Projects/capstone/search-support-robots/ros-packages/install/robot_sim_bringup/share/robot_sim_bringup/package.sh'
[1.837s] INFO:colcon.colcon_core.shell:Creating package script '/home/luke/Projects/capstone/search-support-robots/ros-packages/install/robot_sim_bringup/share/robot_sim_bringup/package.bash'
[1.837s] INFO:colcon.colcon_core.shell:Creating package script '/home/luke/Projects/capstone/search-support-robots/ros-packages/install/robot_sim_bringup/share/robot_sim_bringup/package.zsh'
[1.837s] Level 1:colcon.colcon_core.environment:create_file_with_runtime_dependencies(/home/luke/Projects/capstone/search-support-robots/ros-packages/install/robot_sim_bringup/share/colcon-core/packages/robot_sim_bringup)
[1.837s] Level 1:colcon.colcon_core.environment:create_environment_scripts_only(robot_sim_bringup)
[1.838s] Level 1:colcon.colcon_core.environment:checking '/home/luke/Projects/capstone/search-support-robots/ros-packages/install/robot_sim_bringup' for CMake module files
[1.838s] Level 1:colcon.colcon_core.environment:checking '/home/luke/Projects/capstone/search-support-robots/ros-packages/install/robot_sim_bringup' for CMake config files
[1.838s] Level 1:colcon.colcon_core.shell:create_environment_hook('robot_sim_bringup', 'cmake_prefix_path')
[1.838s] INFO:colcon.colcon_core.shell:Creating environment hook '/home/luke/Projects/capstone/search-support-robots/ros-packages/install/robot_sim_bringup/share/robot_sim_bringup/hook/cmake_prefix_path.ps1'
[1.838s] INFO:colcon.colcon_core.shell:Creating environment descriptor '/home/luke/Projects/capstone/search-support-robots/ros-packages/install/robot_sim_bringup/share/robot_sim_bringup/hook/cmake_prefix_path.dsv'
[1.838s] INFO:colcon.colcon_core.shell:Creating environment hook '/home/luke/Projects/capstone/search-support-robots/ros-packages/install/robot_sim_bringup/share/robot_sim_bringup/hook/cmake_prefix_path.sh'
[1.839s] Level 1:colcon.colcon_core.environment:checking '/home/luke/Projects/capstone/search-support-robots/ros-packages/install/robot_sim_bringup/bin'
[1.839s] Level 1:colcon.colcon_core.environment:checking '/home/luke/Projects/capstone/search-support-robots/ros-packages/install/robot_sim_bringup/lib/pkgconfig/robot_sim_bringup.pc'
[1.839s] Level 1:colcon.colcon_core.environment:checking '/home/luke/Projects/capstone/search-support-robots/ros-packages/install/robot_sim_bringup/lib/python3.12/site-packages'
[1.839s] Level 1:colcon.colcon_core.environment:checking '/home/luke/Projects/capstone/search-support-robots/ros-packages/install/robot_sim_bringup/bin'
[1.839s] INFO:colcon.colcon_core.shell:Creating package script '/home/luke/Projects/capstone/search-support-robots/ros-packages/install/robot_sim_bringup/share/robot_sim_bringup/package.ps1'
[1.839s] INFO:colcon.colcon_core.shell:Creating package descriptor '/home/luke/Projects/capstone/search-support-robots/ros-packages/install/robot_sim_bringup/share/robot_sim_bringup/package.dsv'
[1.840s] INFO:colcon.colcon_core.shell:Creating package script '/home/luke/Projects/capstone/search-support-robots/ros-packages/install/robot_sim_bringup/share/robot_sim_bringup/package.sh'
[1.840s] INFO:colcon.colcon_core.shell:Creating package script '/home/luke/Projects/capstone/search-support-robots/ros-packages/install/robot_sim_bringup/share/robot_sim_bringup/package.bash'
[1.840s] INFO:colcon.colcon_core.shell:Creating package script '/home/luke/Projects/capstone/search-support-robots/ros-packages/install/robot_sim_bringup/share/robot_sim_bringup/package.zsh'
[1.840s] Level 1:colcon.colcon_core.environment:create_file_with_runtime_dependencies(/home/luke/Projects/capstone/search-support-robots/ros-packages/install/robot_sim_bringup/share/colcon-core/packages/robot_sim_bringup)
[1.840s] DEBUG:colcon.colcon_parallel_executor.executor.parallel:closing loop
[1.841s] DEBUG:colcon.colcon_parallel_executor.executor.parallel:loop closed
[1.841s] DEBUG:colcon.colcon_parallel_executor.executor.parallel:run_until_complete finished with '0'
[1.841s] DEBUG:colcon.colcon_core.event_reactor:joining thread
[1.844s] INFO:colcon.colcon_core.plugin_system:Skipping extension 'colcon_notification.desktop_notification.terminal_notifier': Not used on non-Darwin systems
[1.844s] INFO:colcon.colcon_core.plugin_system:Skipping extension 'colcon_notification.desktop_notification.win32': Not used on non-Windows systems
[1.844s] INFO:colcon.colcon_notification.desktop_notification:Sending desktop notification using 'notify2'
[1.860s] DEBUG:colcon.colcon_core.event_reactor:joined thread
[1.861s] INFO:colcon.colcon_core.shell:Creating prefix script '/home/luke/Projects/capstone/search-support-robots/ros-packages/install/local_setup.ps1'
[1.861s] INFO:colcon.colcon_core.shell:Creating prefix util module '/home/luke/Projects/capstone/search-support-robots/ros-packages/install/_local_setup_util_ps1.py'
[1.862s] INFO:colcon.colcon_core.shell:Creating prefix chain script '/home/luke/Projects/capstone/search-support-robots/ros-packages/install/setup.ps1'
[1.863s] INFO:colcon.colcon_core.shell:Creating prefix script '/home/luke/Projects/capstone/search-support-robots/ros-packages/install/local_setup.sh'
[1.863s] INFO:colcon.colcon_core.shell:Creating prefix util module '/home/luke/Projects/capstone/search-support-robots/ros-packages/install/_local_setup_util_sh.py'
[1.863s] INFO:colcon.colcon_core.shell:Creating prefix chain script '/home/luke/Projects/capstone/search-support-robots/ros-packages/install/setup.sh'
[1.863s] INFO:colcon.colcon_core.shell:Creating prefix script '/home/luke/Projects/capstone/search-support-robots/ros-packages/install/local_setup.bash'
[1.864s] INFO:colcon.colcon_core.shell:Creating prefix chain script '/home/luke/Projects/capstone/search-support-robots/ros-packages/install/setup.bash'
[1.864s] INFO:colcon.colcon_core.shell:Creating prefix script '/home/luke/Projects/capstone/search-support-robots/ros-packages/install/local_setup.zsh'
[1.865s] INFO:colcon.colcon_core.shell:Creating prefix chain script '/home/luke/Projects/capstone/search-support-robots/ros-packages/install/setup.zsh'
